{"/home/user/todo-list/src/modules/DOMFunctions.js": {"path":"/home/user/todo-list/src/modules/DOMFunctions.js","statementMap":{"0":{"start":{"line":2,"column":27},"end":{"line":4,"column":1}},"1":{"start":{"line":3,"column":2},"end":{"line":3,"column":70}},"2":{"start":{"line":7,"column":24},"end":{"line":27,"column":1}},"3":{"start":{"line":9,"column":2},"end":{"line":13,"column":5}},"4":{"start":{"line":10,"column":4},"end":{"line":10,"column":32}},"5":{"start":{"line":11,"column":4},"end":{"line":11,"column":30}},"6":{"start":{"line":12,"column":4},"end":{"line":12,"column":33}},"7":{"start":{"line":16,"column":2},"end":{"line":20,"column":5}},"8":{"start":{"line":17,"column":4},"end":{"line":17,"column":61}},"9":{"start":{"line":18,"column":4},"end":{"line":18,"column":30}},"10":{"start":{"line":19,"column":4},"end":{"line":19,"column":33}},"11":{"start":{"line":23,"column":2},"end":{"line":26,"column":5}},"12":{"start":{"line":24,"column":4},"end":{"line":24,"column":66}},"13":{"start":{"line":25,"column":4},"end":{"line":25,"column":33}},"14":{"start":{"line":30,"column":27},"end":{"line":37,"column":1}},"15":{"start":{"line":31,"column":15},"end":{"line":31,"column":34}},"16":{"start":{"line":33,"column":2},"end":{"line":33,"column":34}},"17":{"start":{"line":35,"column":2},"end":{"line":35,"column":28}},"18":{"start":{"line":36,"column":2},"end":{"line":36,"column":31}},"19":{"start":{"line":40,"column":24},"end":{"line":44,"column":1}},"20":{"start":{"line":41,"column":2},"end":{"line":41,"column":31}},"21":{"start":{"line":42,"column":2},"end":{"line":42,"column":28}},"22":{"start":{"line":43,"column":2},"end":{"line":43,"column":31}},"23":{"start":{"line":46,"column":24},"end":{"line":56,"column":1}},"24":{"start":{"line":47,"column":2},"end":{"line":49,"column":38}},"25":{"start":{"line":48,"column":4},"end":{"line":48,"column":65}},"26":{"start":{"line":49,"column":9},"end":{"line":49,"column":38}},"27":{"start":{"line":51,"column":2},"end":{"line":51,"column":28}},"28":{"start":{"line":53,"column":2},"end":{"line":55,"column":5}},"29":{"start":{"line":54,"column":4},"end":{"line":54,"column":36}}},"fnMap":{"0":{"name":"(anonymous_0)","decl":{"start":{"line":2,"column":27},"end":{"line":2,"column":28}},"loc":{"start":{"line":2,"column":41},"end":{"line":4,"column":1}},"line":2},"1":{"name":"(anonymous_1)","decl":{"start":{"line":7,"column":24},"end":{"line":7,"column":25}},"loc":{"start":{"line":7,"column":44},"end":{"line":27,"column":1}},"line":7},"2":{"name":"(anonymous_2)","decl":{"start":{"line":9,"column":55},"end":{"line":9,"column":56}},"loc":{"start":{"line":9,"column":61},"end":{"line":13,"column":3}},"line":9},"3":{"name":"(anonymous_3)","decl":{"start":{"line":16,"column":53},"end":{"line":16,"column":54}},"loc":{"start":{"line":16,"column":59},"end":{"line":20,"column":3}},"line":16},"4":{"name":"(anonymous_4)","decl":{"start":{"line":23,"column":51},"end":{"line":23,"column":52}},"loc":{"start":{"line":23,"column":57},"end":{"line":26,"column":3}},"line":23},"5":{"name":"(anonymous_5)","decl":{"start":{"line":30,"column":27},"end":{"line":30,"column":28}},"loc":{"start":{"line":30,"column":48},"end":{"line":37,"column":1}},"line":30},"6":{"name":"(anonymous_6)","decl":{"start":{"line":40,"column":24},"end":{"line":40,"column":25}},"loc":{"start":{"line":40,"column":38},"end":{"line":44,"column":1}},"line":40},"7":{"name":"(anonymous_7)","decl":{"start":{"line":46,"column":24},"end":{"line":46,"column":25}},"loc":{"start":{"line":46,"column":38},"end":{"line":56,"column":1}},"line":46},"8":{"name":"(anonymous_8)","decl":{"start":{"line":53,"column":24},"end":{"line":53,"column":25}},"loc":{"start":{"line":53,"column":34},"end":{"line":55,"column":3}},"line":53}},"branchMap":{"0":{"loc":{"start":{"line":47,"column":2},"end":{"line":49,"column":38}},"type":"if","locations":[{"start":{"line":47,"column":2},"end":{"line":49,"column":38}},{"start":{"line":49,"column":9},"end":{"line":49,"column":38}}],"line":47},"1":{"loc":{"start":{"line":47,"column":6},"end":{"line":47,"column":63}},"type":"binary-expr","locations":[{"start":{"line":47,"column":6},"end":{"line":47,"column":27}},{"start":{"line":47,"column":31},"end":{"line":47,"column":63}}],"line":47}},"s":{"0":1,"1":2,"2":1,"3":1,"4":1,"5":1,"6":1,"7":1,"8":0,"9":0,"10":0,"11":1,"12":0,"13":0,"14":1,"15":1,"16":1,"17":1,"18":1,"19":1,"20":0,"21":0,"22":0,"23":1,"24":0,"25":0,"26":0,"27":0,"28":0,"29":0},"f":{"0":2,"1":1,"2":1,"3":0,"4":0,"5":1,"6":0,"7":0,"8":0},"b":{"0":[0,0],"1":[0,0]},"_coverageSchema":"1a1c01bbd47fc00a2c39e90264f33305004495a9","hash":"e42cc27a7c90942cb24920ff837a4e6e90d85a1b"}
,"/home/user/todo-list/src/modules/task.js": {"path":"/home/user/todo-list/src/modules/task.js","statementMap":{"0":{"start":{"line":3,"column":4},"end":{"line":3,"column":23}},"1":{"start":{"line":4,"column":4},"end":{"line":4,"column":23}},"2":{"start":{"line":5,"column":4},"end":{"line":5,"column":31}},"3":{"start":{"line":6,"column":4},"end":{"line":6,"column":41}},"4":{"start":{"line":9,"column":4},"end":{"line":14,"column":7}},"5":{"start":{"line":18,"column":4},"end":{"line":18,"column":67}},"6":{"start":{"line":22,"column":4},"end":{"line":22,"column":23}},"7":{"start":{"line":23,"column":4},"end":{"line":23,"column":42}},"8":{"start":{"line":28,"column":20},"end":{"line":28,"column":48}},"9":{"start":{"line":29,"column":4},"end":{"line":29,"column":42}},"10":{"start":{"line":30,"column":4},"end":{"line":30,"column":62}},"11":{"start":{"line":32,"column":4},"end":{"line":32,"column":57}},"12":{"start":{"line":33,"column":4},"end":{"line":33,"column":57}},"13":{"start":{"line":34,"column":4},"end":{"line":34,"column":58}},"14":{"start":{"line":35,"column":4},"end":{"line":35,"column":65}},"15":{"start":{"line":36,"column":4},"end":{"line":36,"column":58}},"16":{"start":{"line":37,"column":4},"end":{"line":37,"column":65}},"17":{"start":{"line":40,"column":4},"end":{"line":40,"column":60}},"18":{"start":{"line":41,"column":4},"end":{"line":41,"column":57}},"19":{"start":{"line":42,"column":4},"end":{"line":42,"column":59}},"20":{"start":{"line":42,"column":24},"end":{"line":42,"column":59}},"21":{"start":{"line":45,"column":4},"end":{"line":45,"column":61}},"22":{"start":{"line":46,"column":4},"end":{"line":46,"column":53}},"23":{"start":{"line":47,"column":4},"end":{"line":47,"column":58}},"24":{"start":{"line":50,"column":4},"end":{"line":50,"column":65}},"25":{"start":{"line":51,"column":4},"end":{"line":51,"column":55}},"26":{"start":{"line":52,"column":4},"end":{"line":52,"column":93}},"27":{"start":{"line":55,"column":4},"end":{"line":55,"column":63}},"28":{"start":{"line":56,"column":4},"end":{"line":56,"column":55}},"29":{"start":{"line":57,"column":4},"end":{"line":57,"column":101}},"30":{"start":{"line":59,"column":4},"end":{"line":59,"column":19}}},"fnMap":{"0":{"name":"(anonymous_0)","decl":{"start":{"line":2,"column":2},"end":{"line":2,"column":3}},"loc":{"start":{"line":2,"column":47},"end":{"line":15,"column":3}},"line":2},"1":{"name":"(anonymous_1)","decl":{"start":{"line":17,"column":2},"end":{"line":17,"column":3}},"loc":{"start":{"line":17,"column":16},"end":{"line":19,"column":3}},"line":17},"2":{"name":"(anonymous_2)","decl":{"start":{"line":21,"column":2},"end":{"line":21,"column":3}},"loc":{"start":{"line":21,"column":21},"end":{"line":24,"column":3}},"line":21}},"branchMap":{"0":{"loc":{"start":{"line":2,"column":28},"end":{"line":2,"column":45}},"type":"default-arg","locations":[{"start":{"line":2,"column":40},"end":{"line":2,"column":45}}],"line":2},"1":{"loc":{"start":{"line":42,"column":4},"end":{"line":42,"column":59}},"type":"if","locations":[{"start":{"line":42,"column":4},"end":{"line":42,"column":59}},{"start":{},"end":{}}],"line":42}},"s":{"0":1,"1":1,"2":1,"3":1,"4":1,"5":0,"6":0,"7":0,"8":1,"9":1,"10":1,"11":1,"12":1,"13":1,"14":1,"15":1,"16":1,"17":1,"18":1,"19":1,"20":0,"21":1,"22":1,"23":1,"24":1,"25":1,"26":1,"27":1,"28":1,"29":1,"30":1},"f":{"0":1,"1":0,"2":0},"b":{"0":[1],"1":[0,1]},"_coverageSchema":"1a1c01bbd47fc00a2c39e90264f33305004495a9","hash":"c78b0505466a4adde759706986044ab5bfd7fa29"}
,"/home/user/todo-list/src/modules/taskList.js": {"path":"/home/user/todo-list/src/modules/taskList.js","statementMap":{"0":{"start":{"line":5,"column":4},"end":{"line":5,"column":31}},"1":{"start":{"line":6,"column":4},"end":{"line":6,"column":21}},"2":{"start":{"line":10,"column":21},"end":{"line":10,"column":23}},"3":{"start":{"line":11,"column":4},"end":{"line":17,"column":7}},"4":{"start":{"line":12,"column":6},"end":{"line":16,"column":9}},"5":{"start":{"line":19,"column":4},"end":{"line":19,"column":25}},"6":{"start":{"line":23,"column":21},"end":{"line":23,"column":23}},"7":{"start":{"line":24,"column":4},"end":{"line":30,"column":7}},"8":{"start":{"line":25,"column":6},"end":{"line":29,"column":9}},"9":{"start":{"line":32,"column":4},"end":{"line":32,"column":20}},"10":{"start":{"line":36,"column":17},"end":{"line":36,"column":54}},"11":{"start":{"line":37,"column":4},"end":{"line":37,"column":25}},"12":{"start":{"line":38,"column":4},"end":{"line":38,"column":16}},"13":{"start":{"line":42,"column":4},"end":{"line":42,"column":35}},"14":{"start":{"line":43,"column":4},"end":{"line":43,"column":29}},"15":{"start":{"line":47,"column":4},"end":{"line":47,"column":44}},"16":{"start":{"line":51,"column":4},"end":{"line":51,"column":42}},"17":{"start":{"line":55,"column":4},"end":{"line":55,"column":60}},"18":{"start":{"line":55,"column":43},"end":{"line":55,"column":58}},"19":{"start":{"line":56,"column":4},"end":{"line":56,"column":29}},"20":{"start":{"line":60,"column":17},"end":{"line":60,"column":50}},"21":{"start":{"line":61,"column":4},"end":{"line":61,"column":40}},"22":{"start":{"line":62,"column":4},"end":{"line":62,"column":29}},"23":{"start":{"line":66,"column":18},"end":{"line":66,"column":20}},"24":{"start":{"line":67,"column":17},"end":{"line":67,"column":45}},"25":{"start":{"line":68,"column":4},"end":{"line":68,"column":51}},"26":{"start":{"line":70,"column":4},"end":{"line":70,"column":80}},"27":{"start":{"line":70,"column":32},"end":{"line":70,"column":78}},"28":{"start":{"line":71,"column":4},"end":{"line":71,"column":45}},"29":{"start":{"line":75,"column":4},"end":{"line":78,"column":7}},"30":{"start":{"line":76,"column":6},"end":{"line":76,"column":29}},"31":{"start":{"line":77,"column":6},"end":{"line":77,"column":25}}},"fnMap":{"0":{"name":"(anonymous_0)","decl":{"start":{"line":4,"column":2},"end":{"line":4,"column":3}},"loc":{"start":{"line":4,"column":36},"end":{"line":7,"column":3}},"line":4},"1":{"name":"(anonymous_1)","decl":{"start":{"line":9,"column":2},"end":{"line":9,"column":3}},"loc":{"start":{"line":9,"column":29},"end":{"line":20,"column":3}},"line":9},"2":{"name":"(anonymous_2)","decl":{"start":{"line":11,"column":21},"end":{"line":11,"column":22}},"loc":{"start":{"line":11,"column":32},"end":{"line":17,"column":5}},"line":11},"3":{"name":"(anonymous_3)","decl":{"start":{"line":22,"column":2},"end":{"line":22,"column":3}},"loc":{"start":{"line":22,"column":21},"end":{"line":33,"column":3}},"line":22},"4":{"name":"(anonymous_4)","decl":{"start":{"line":24,"column":22},"end":{"line":24,"column":23}},"loc":{"start":{"line":24,"column":32},"end":{"line":30,"column":5}},"line":24},"5":{"name":"(anonymous_5)","decl":{"start":{"line":35,"column":2},"end":{"line":35,"column":3}},"loc":{"start":{"line":35,"column":13},"end":{"line":39,"column":3}},"line":35},"6":{"name":"(anonymous_6)","decl":{"start":{"line":41,"column":2},"end":{"line":41,"column":3}},"loc":{"start":{"line":41,"column":16},"end":{"line":44,"column":3}},"line":41},"7":{"name":"(anonymous_7)","decl":{"start":{"line":46,"column":2},"end":{"line":46,"column":3}},"loc":{"start":{"line":46,"column":21},"end":{"line":48,"column":3}},"line":46},"8":{"name":"(anonymous_8)","decl":{"start":{"line":50,"column":2},"end":{"line":50,"column":3}},"loc":{"start":{"line":50,"column":25},"end":{"line":52,"column":3}},"line":50},"9":{"name":"(anonymous_9)","decl":{"start":{"line":54,"column":2},"end":{"line":54,"column":3}},"loc":{"start":{"line":54,"column":22},"end":{"line":57,"column":3}},"line":54},"10":{"name":"(anonymous_10)","decl":{"start":{"line":55,"column":33},"end":{"line":55,"column":34}},"loc":{"start":{"line":55,"column":43},"end":{"line":55,"column":58}},"line":55},"11":{"name":"(anonymous_11)","decl":{"start":{"line":59,"column":2},"end":{"line":59,"column":3}},"loc":{"start":{"line":59,"column":42},"end":{"line":63,"column":3}},"line":59},"12":{"name":"(anonymous_12)","decl":{"start":{"line":65,"column":2},"end":{"line":65,"column":3}},"loc":{"start":{"line":65,"column":19},"end":{"line":72,"column":3}},"line":65},"13":{"name":"(anonymous_13)","decl":{"start":{"line":70,"column":22},"end":{"line":70,"column":23}},"loc":{"start":{"line":70,"column":32},"end":{"line":70,"column":78}},"line":70},"14":{"name":"(anonymous_14)","decl":{"start":{"line":75,"column":22},"end":{"line":75,"column":23}},"loc":{"start":{"line":75,"column":39},"end":{"line":78,"column":5}},"line":75}},"branchMap":{"0":{"loc":{"start":{"line":4,"column":25},"end":{"line":4,"column":34}},"type":"default-arg","locations":[{"start":{"line":4,"column":32},"end":{"line":4,"column":34}}],"line":4}},"s":{"0":1,"1":1,"2":0,"3":0,"4":0,"5":0,"6":2,"7":2,"8":1,"9":2,"10":1,"11":1,"12":1,"13":1,"14":1,"15":0,"16":0,"17":0,"18":0,"19":0,"20":0,"21":0,"22":0,"23":2,"24":2,"25":2,"26":2,"27":1,"28":2,"29":1,"30":0,"31":0},"f":{"0":1,"1":0,"2":0,"3":2,"4":1,"5":1,"6":1,"7":0,"8":0,"9":0,"10":0,"11":0,"12":2,"13":1,"14":0},"b":{"0":[1]},"_coverageSchema":"1a1c01bbd47fc00a2c39e90264f33305004495a9","hash":"0b7c6d73c29d806feabd7eba13a860326ef791f3"}
}
